<?xml version="1.0" encoding="UTF-8"?>
<testng-results total="2" passed="2" failed="0" skipped="0">
  <reporter-output>
  </reporter-output>
  <suite started-at="2020-01-17T14:31:13Z" name="Suite" finished-at="2020-01-17T14:31:27Z" duration-ms="14819">
    <groups>
    </groups>
    <test started-at="2020-01-17T14:31:13Z" name="Test" finished-at="2020-01-17T14:31:27Z" duration-ms="14819">
      <class name="example.NewTest">
        <test-method is-config="true" signature="startTest()[pri:0, instance:example.NewTest@3541cb24]" started-at="2020-01-17T20:01:12Z" name="startTest" finished-at="2020-01-17T20:01:13Z" duration-ms="111" status="PASS">
          <reporter-output>
          </reporter-output>
        </test-method> <!-- startTest -->
        <test-method is-config="true" signature="beforeTest()[pri:0, instance:example.NewTest@3541cb24]" started-at="2020-01-17T20:01:13Z" name="beforeTest" finished-at="2020-01-17T20:01:18Z" duration-ms="5249" status="PASS">
          <reporter-output>
          </reporter-output>
        </test-method> <!-- beforeTest -->
        <test-method signature="testEasy()[pri:0, instance:example.NewTest@3541cb24]" started-at="2020-01-17T20:01:18Z" name="testEasy" finished-at="2020-01-17T20:01:23Z" duration-ms="4707" status="PASS">
          <reporter-output>
          </reporter-output>
        </test-method> <!-- testEasy -->
        <test-method signature="close()[pri:0, instance:example.NewTest@3541cb24]" started-at="2020-01-17T20:01:23Z" name="close" finished-at="2020-01-17T20:01:27Z" depends-on-methods="example.NewTest.testEasy" duration-ms="4315" status="PASS">
          <reporter-output>
          </reporter-output>
        </test-method> <!-- close -->
        <test-method is-config="true" signature="afterTest()[pri:0, instance:example.NewTest@3541cb24]" started-at="2020-01-17T20:01:27Z" name="afterTest" finished-at="2020-01-17T20:01:27Z" duration-ms="542" status="PASS">
          <reporter-output>
          </reporter-output>
        </test-method> <!-- afterTest -->
        <test-method is-config="true" signature="endTest()[pri:0, instance:example.NewTest@3541cb24]" started-at="2020-01-17T20:01:27Z" name="endTest" finished-at="2020-01-17T20:01:28Z" duration-ms="143" status="PASS">
          <reporter-output>
          </reporter-output>
        </test-method> <!-- endTest -->
      </class> <!-- example.NewTest -->
    </test> <!-- Test -->
  </suite> <!-- Suite -->
</testng-results>
