<?xml version="1.0" encoding="UTF-8"?>
<testng-results skipped="0" failed="0" total="2" passed="2">
  <reporter-output>
  </reporter-output>
  <suite name="Suite" duration-ms="14652" started-at="2020-01-17T13:50:38Z" finished-at="2020-01-17T13:50:53Z">
    <groups>
    </groups>
    <test name="Test" duration-ms="14652" started-at="2020-01-17T13:50:38Z" finished-at="2020-01-17T13:50:53Z">
      <class name="example.NewTest">
        <test-method status="PASS" signature="startTest()[pri:0, instance:example.NewTest@45f45fa1]" name="startTest" is-config="true" duration-ms="81" started-at="2020-01-17T19:20:38Z" finished-at="2020-01-17T19:20:38Z">
          <reporter-output>
          </reporter-output>
        </test-method> <!-- startTest -->
        <test-method status="PASS" signature="beforeTest()[pri:0, instance:example.NewTest@45f45fa1]" name="beforeTest" is-config="true" duration-ms="5270" started-at="2020-01-17T19:20:38Z" finished-at="2020-01-17T19:20:43Z">
          <reporter-output>
          </reporter-output>
        </test-method> <!-- beforeTest -->
        <test-method status="PASS" signature="testEasy()[pri:0, instance:example.NewTest@45f45fa1]" name="testEasy" duration-ms="4755" started-at="2020-01-17T19:20:43Z" finished-at="2020-01-17T19:20:48Z">
          <reporter-output>
          </reporter-output>
        </test-method> <!-- testEasy -->
        <test-method status="PASS" signature="close()[pri:0, instance:example.NewTest@45f45fa1]" name="close" duration-ms="4082" started-at="2020-01-17T19:20:48Z" depends-on-methods="example.NewTest.testEasy" finished-at="2020-01-17T19:20:52Z">
          <reporter-output>
          </reporter-output>
        </test-method> <!-- close -->
        <test-method status="PASS" signature="afterTest()[pri:0, instance:example.NewTest@45f45fa1]" name="afterTest" is-config="true" duration-ms="536" started-at="2020-01-17T19:20:52Z" finished-at="2020-01-17T19:20:53Z">
          <reporter-output>
          </reporter-output>
        </test-method> <!-- afterTest -->
        <test-method status="PASS" signature="endTest()[pri:0, instance:example.NewTest@45f45fa1]" name="endTest" is-config="true" duration-ms="192" started-at="2020-01-17T19:20:53Z" finished-at="2020-01-17T19:20:53Z">
          <reporter-output>
          </reporter-output>
        </test-method> <!-- endTest -->
      </class> <!-- example.NewTest -->
    </test> <!-- Test -->
  </suite> <!-- Suite -->
</testng-results>
